<?xml version="1.0" encoding="UTF-8"?>
<!-- Generated by org.testng.reporters.JUnitReportReporter -->
<testsuite hostname="DESKTOP-AF9CNEI" failures="0" tests="1" name="com.reqres.post.login.UserLogin" time="5.278" errors="0" timestamp="2021-04-23T21:44:32 ANAT" skipped="0">
  <testcase classname="com.reqres.post.login.UserLogin" name="createUser" time="5.278"/>
  <system-out/>
</testsuite> <!-- com.reqres.post.login.UserLogin -->
