<?xml version="1.0" encoding="UTF-8"?>
<!-- Generated by org.testng.reporters.JUnitReportReporter -->
<testsuite hostname="DESKTOP-AF9CNEI" failures="0" tests="1" name="com.reqres.delete.DeleteUser" time="4.243" errors="0" timestamp="2021-04-23T21:04:03 ANAT" skipped="0">
  <testcase classname="com.reqres.delete.DeleteUser" name="deleteUser" time="4.243"/>
  <system-out/>
</testsuite> <!-- com.reqres.delete.DeleteUser -->
