<?xml version="1.0" encoding="UTF-8"?>
<!-- Generated by org.testng.reporters.JUnitReportReporter -->
<testsuite hostname="DESKTOP-AF9CNEI" failures="0" tests="1" name="com.reqres.post.register.UserRegistration" time="3.928" errors="0" timestamp="2021-04-23T21:33:11 ANAT" skipped="0">
  <testcase classname="com.reqres.post.register.UserRegistration" name="createUser" time="3.928"/>
  <system-out/>
</testsuite> <!-- com.reqres.post.register.UserRegistration -->
