<?xml version="1.0" encoding="UTF-8"?>
<!-- Generated by org.testng.reporters.JUnitReportReporter -->
<testsuite hostname="DESKTOP-AF9CNEI" failures="0" tests="1" name="com.reqres.post.login.UserLogin" time="3.697" errors="0" timestamp="2021-04-24T00:49:55 ANAT" skipped="0">
  <testcase classname="com.reqres.post.login.UserLogin" name="createUser" time="3.697"/>
  <system-out/>
</testsuite> <!-- com.reqres.post.login.UserLogin -->
