<?xml version="1.0" encoding="UTF-8"?>
<!-- Generated by org.testng.reporters.JUnitReportReporter -->
<testsuite hostname="DESKTOP-AF9CNEI" failures="0" tests="1" name="com.reqres.post.CreateUser" time="4.409" errors="0" timestamp="2021-04-23T20:59:34 ANAT" skipped="0">
  <testcase classname="com.reqres.post.CreateUser" name="createUser" time="4.409"/>
  <system-out/>
</testsuite> <!-- com.reqres.post.CreateUser -->
