<?xml version="1.0" encoding="UTF-8"?>
<!-- Generated by org.testng.reporters.JUnitReportReporter -->
<testsuite hostname="DESKTOP-AF9CNEI" failures="0" tests="1" name="com.reqres.get.ListUsers" time="4.140" errors="0" timestamp="2021-04-23T20:13:09 ANAT" skipped="0">
  <testcase classname="com.reqres.get.ListUsers" name="getListOfUsers" time="4.140"/>
  <system-out/>
</testsuite> <!-- com.reqres.get.ListUsers -->
